Using pre-set license
Built from '2021.3/staging' branch; Version is '2021.3.14f1 (eee1884e7226) revision 15655304'; Using compiler version '192829333'; Build Type 'Release'
OS: 'Windows 11  (10.0.22621) 64bit Core' Language: 'en' Physical Memory: 16147 MB
BatchMode: 1, IsHumanControllingUs: 0, StartBugReporterOnCrash: 0, Is64bit: 1, IsPro: 1

COMMAND LINE ARGUMENTS:
C:\Program Files\Unity\Hub\Editor\2021.3.14f1\Editor\Unity.exe
-adb2
-batchMode
-noUpm
-name
AssetImportWorker2
-projectPath
C:/Users/Somi3/Somi/University/Unity/GSP 2 TechDemo - Horror
-logFile
Logs/AssetImportWorker2.log
-srvPort
55683
Successfully changed project path to: C:/Users/Somi3/Somi/University/Unity/GSP 2 TechDemo - Horror
C:/Users/Somi3/Somi/University/Unity/GSP 2 TechDemo - Horror
[UnityMemory] Configuration Parameters - Can be set up in boot.config
    "memorysetup-bucket-allocator-granularity=16"
    "memorysetup-bucket-allocator-bucket-count=8"
    "memorysetup-bucket-allocator-block-size=33554432"
    "memorysetup-bucket-allocator-block-count=8"
    "memorysetup-main-allocator-block-size=16777216"
    "memorysetup-thread-allocator-block-size=16777216"
    "memorysetup-gfx-main-allocator-block-size=16777216"
    "memorysetup-gfx-thread-allocator-block-size=16777216"
    "memorysetup-cache-allocator-block-size=4194304"
    "memorysetup-typetree-allocator-block-size=2097152"
    "memorysetup-profiler-bucket-allocator-granularity=16"
    "memorysetup-profiler-bucket-allocator-bucket-count=8"
    "memorysetup-profiler-bucket-allocator-block-size=33554432"
    "memorysetup-profiler-bucket-allocator-block-count=8"
    "memorysetup-profiler-allocator-block-size=16777216"
    "memorysetup-profiler-editor-allocator-block-size=1048576"
    "memorysetup-temp-allocator-size-main=16777216"
    "memorysetup-job-temp-allocator-block-size=2097152"
    "memorysetup-job-temp-allocator-block-size-background=1048576"
    "memorysetup-job-temp-allocator-reduction-small-platforms=262144"
    "memorysetup-temp-allocator-size-background-worker=32768"
    "memorysetup-temp-allocator-size-job-worker=262144"
    "memorysetup-temp-allocator-size-preload-manager=33554432"
    "memorysetup-temp-allocator-size-nav-mesh-worker=65536"
    "memorysetup-temp-allocator-size-audio-worker=65536"
    "memorysetup-temp-allocator-size-cloud-worker=32768"
    "memorysetup-temp-allocator-size-gi-baking-worker=262144"
    "memorysetup-temp-allocator-size-gfx=262144"
Refreshing native plugins compatible for Editor in 140.70 ms, found 3 plugins.
Preloading 0 native plugins for Editor in 0.00 ms.
Initialize engine version: 2021.3.14f1 (eee1884e7226)
[Subsystems] Discovering subsystems at path C:/Program Files/Unity/Hub/Editor/2021.3.14f1/Editor/Data/Resources/UnitySubsystems
[Subsystems] Discovering subsystems at path C:/Users/Somi3/Somi/University/Unity/GSP 2 TechDemo - Horror/Assets
GfxDevice: creating device client; threaded=0; jobified=0
Direct3D:
    Version:  Direct3D 11.0 [level 11.1]
    Renderer: NVIDIA GeForce RTX 3060 Laptop GPU (ID=0x2520)
    Vendor:   NVIDIA
    VRAM:     6010 MB
    Driver:   31.0.15.4601
Initialize mono
Mono path[0] = 'C:/Program Files/Unity/Hub/Editor/2021.3.14f1/Editor/Data/Managed'
Mono path[1] = 'C:/Program Files/Unity/Hub/Editor/2021.3.14f1/Editor/Data/MonoBleedingEdge/lib/mono/unityjit-win32'
Mono config path = 'C:/Program Files/Unity/Hub/Editor/2021.3.14f1/Editor/Data/MonoBleedingEdge/etc'
Using monoOptions --debugger-agent=transport=dt_socket,embedding=1,server=y,suspend=n,address=127.0.0.1:56364
Begin MonoManager ReloadAssembly
Registering precompiled unity dll's ...
Register platform support module: C:/Program Files/Unity/Hub/Editor/2021.3.14f1/Editor/Data/PlaybackEngines/WebGLSupport/UnityEditor.WebGL.Extensions.dll
Register platform support module: C:/Program Files/Unity/Hub/Editor/2021.3.14f1/Editor/Data/PlaybackEngines/AndroidPlayer/UnityEditor.Android.Extensions.dll
Register platform support module: C:/Program Files/Unity/Hub/Editor/2021.3.14f1/Editor/Data/PlaybackEngines/WindowsStandaloneSupport/UnityEditor.WindowsStandalone.Extensions.dll
Registered in 0.014608 seconds.
Native extension for WindowsStandalone target not found
Native extension for Android target not found
Native extension for WebGL target not found
Refreshing native plugins compatible for Editor in 144.52 ms, found 3 plugins.
Preloading 0 native plugins for Editor in 0.00 ms.
Mono: successfully reloaded assembly
- Completed reload, in  1.029 seconds
Domain Reload Profiling:
	ReloadAssembly (1030ms)
		BeginReloadAssembly (115ms)
			ExecutionOrderSort (0ms)
			DisableScriptedObjects (0ms)
			BackupInstance (0ms)
			ReleaseScriptingObjects (0ms)
			CreateAndSetChildDomain (1ms)
		EndReloadAssembly (747ms)
			LoadAssemblies (113ms)
			RebuildTransferFunctionScriptingTraits (0ms)
			SetupTypeCache (173ms)
			ReleaseScriptCaches (0ms)
			RebuildScriptCaches (45ms)
			SetupLoadedEditorAssemblies (447ms)
				LogAssemblyErrors (0ms)
				InitializePlatformSupportModulesInManaged (86ms)
				SetLoadedEditorAssemblies (0ms)
				RefreshPlugins (145ms)
				BeforeProcessingInitializeOnLoad (1ms)
				ProcessInitializeOnLoadAttributes (148ms)
				ProcessInitializeOnLoadMethodAttributes (66ms)
				AfterProcessingInitializeOnLoad (0ms)
				EditorAssembliesLoaded (0ms)
			ExecutionOrderSort2 (0ms)
			AwakeInstancesAfterBackupRestoration (0ms)
Platform modules already initialized, skipping
Registering precompiled user dll's ...
Registered in 0.011933 seconds.
Begin MonoManager ReloadAssembly
Symbol file LoadedFromMemory doesn't match image C:\Users\Somi3\Somi\University\Unity\GSP 2 TechDemo - Horror\Library\PackageCache\com.unity.visualscripting@1.7.8\Editor\VisualScripting.Core\Dependencies\YamlDotNet\Unity.VisualScripting.YamlDotNet.dll
Symbol file LoadedFromMemory doesn't match image C:\Users\Somi3\Somi\University\Unity\GSP 2 TechDemo - Horror\Library\PackageCache\com.unity.visualscripting@1.7.8\Editor\VisualScripting.Core\Dependencies\DotNetZip\Unity.VisualScripting.IonicZip.dll
Native extension for WindowsStandalone target not found
Native extension for Android target not found
Native extension for WebGL target not found
Refreshing native plugins compatible for Editor in 1.32 ms, found 3 plugins.
Preloading 0 native plugins for Editor in 0.00 ms.
Mono: successfully reloaded assembly
- Completed reload, in  1.637 seconds
Domain Reload Profiling:
	ReloadAssembly (1638ms)
		BeginReloadAssembly (280ms)
			ExecutionOrderSort (0ms)
			DisableScriptedObjects (8ms)
			BackupInstance (0ms)
			ReleaseScriptingObjects (0ms)
			CreateAndSetChildDomain (143ms)
		EndReloadAssembly (1189ms)
			LoadAssemblies (135ms)
			RebuildTransferFunctionScriptingTraits (0ms)
			SetupTypeCache (371ms)
			ReleaseScriptCaches (1ms)
			RebuildScriptCaches (61ms)
			SetupLoadedEditorAssemblies (570ms)
				LogAssemblyErrors (0ms)
				InitializePlatformSupportModulesInManaged (24ms)
				SetLoadedEditorAssemblies (1ms)
				RefreshPlugins (1ms)
				BeforeProcessingInitializeOnLoad (127ms)
				ProcessInitializeOnLoadAttributes (360ms)
				ProcessInitializeOnLoadMethodAttributes (42ms)
				AfterProcessingInitializeOnLoad (14ms)
				EditorAssembliesLoaded (1ms)
			ExecutionOrderSort2 (0ms)
			AwakeInstancesAfterBackupRestoration (10ms)
Platform modules already initialized, skipping
========================================================================
Worker process is ready to serve import requests
Launched and connected shader compiler UnityShaderCompiler.exe after 0.19 seconds
Refreshing native plugins compatible for Editor in 1.45 ms, found 3 plugins.
Preloading 0 native plugins for Editor in 0.00 ms.
Unloading 3427 Unused Serialized files (Serialized files now loaded: 0)
Unloading 26 unused Assets / (88.6 KB). Loaded Objects now: 3917.
Memory consumption went from 144.1 MB to 144.0 MB.
Total: 3.352300 ms (FindLiveObjects: 0.292600 ms CreateObjectMapping: 0.104800 ms MarkObjects: 2.829500 ms  DeleteObjects: 0.124200 ms)

AssetImportParameters requested are different than current active one (requested -> active):
  custom:video-decoder-ogg-theora: a1e56fd34408186e4bbccfd4996cb3dc -> 
  custom:container-muxer-webm: aa71ff27fc2769a1b78a27578f13a17b -> 
  custom:container-demuxer-webm: 4f35f7cbe854078d1ac9338744f61a02 -> 
  custom:video-encoder-webm-vp8: eb34c28f22e8b96e1ab97ce403110664 -> 
  custom:audio-encoder-webm-vorbis: bf7c407c2cedff20999df2af8eb42d56 -> 
  custom:framework-win-MediaFoundation: 216162199b28c13a410421893ffa2e32 -> 
  custom:container-demuxer-ogg: 62fdf1f143b41e24485cea50d1cbac27 -> 
  custom:video-decoder-webm-vp8: 9c59270c3fd7afecdb556c50c9e8de78 -> 
  custom:audio-decoder-ogg-vorbis: bf7c407c2cedff20999df2af8eb42d56 -> 
========================================================================
Received Import Request.
  Time since last request: 26076.073870 seconds.
  path: Assets/PolygonDungeon/Models/CollisionConvex/SM_Prop_Chest_04_Convex.asset
  artifactKey: Guid(001bbef7c847fc441adda9d333a71419) Importer(815301076,1909f56bfc062723c751e8b465ee728b)
Start importing Assets/PolygonDungeon/Models/CollisionConvex/SM_Prop_Chest_04_Convex.asset using Guid(001bbef7c847fc441adda9d333a71419) Importer(815301076,1909f56bfc062723c751e8b465ee728b)  -> (artifact id: 'ced40bf8e0966562200503374b3d1c37') in 0.198727 seconds 
========================================================================
Received Import Request.
  Time since last request: 0.516462 seconds.
  path: Assets/PolygonDungeon/Models/CollisionConvex/SM_Prop_Chest_03_Convex.asset
  artifactKey: Guid(d487063872abfd245b894576be57e191) Importer(815301076,1909f56bfc062723c751e8b465ee728b)
Start importing Assets/PolygonDungeon/Models/CollisionConvex/SM_Prop_Chest_03_Convex.asset using Guid(d487063872abfd245b894576be57e191) Importer(815301076,1909f56bfc062723c751e8b465ee728b)  -> (artifact id: '1b5568f8d01b1c1b14169dcff76b0a0e') in 0.037183 seconds 
========================================================================
Received Import Request.
  Time since last request: 0.077417 seconds.
  path: Assets/PolygonDungeon/Models/CollisionConvex/SM_Prop_Chest_02_Convex.asset
  artifactKey: Guid(1cb60c29f2577af429a5f69f5bacde1d) Importer(815301076,1909f56bfc062723c751e8b465ee728b)
Start importing Assets/PolygonDungeon/Models/CollisionConvex/SM_Prop_Chest_02_Convex.asset using Guid(1cb60c29f2577af429a5f69f5bacde1d) Importer(815301076,1909f56bfc062723c751e8b465ee728b)  -> (artifact id: 'a9bf32c337be0f0dfb7d860fd50e13e6') in 0.037523 seconds 
========================================================================
Received Import Request.
  Time since last request: 0.611124 seconds.
  path: Assets/PolygonDungeon/Models/CollisionConvex/SM_Prop_Chest_01_Convex.asset
  artifactKey: Guid(64b8ea99aa15bd34686a3f26836321e8) Importer(815301076,1909f56bfc062723c751e8b465ee728b)
Start importing Assets/PolygonDungeon/Models/CollisionConvex/SM_Prop_Chest_01_Convex.asset using Guid(64b8ea99aa15bd34686a3f26836321e8) Importer(815301076,1909f56bfc062723c751e8b465ee728b)  -> (artifact id: '365e69ddad4dcc8a5b86eb0fd39997f3') in 0.031300 seconds 
========================================================================
Received Import Request.
  Time since last request: 0.561606 seconds.
  path: Assets/PolygonDungeon/Models/SM_Prop_Chain_07.fbx
  artifactKey: Guid(949c4c93274855f47816d81212b31e08) Importer(815301076,1909f56bfc062723c751e8b465ee728b)
Start importing Assets/PolygonDungeon/Models/SM_Prop_Chain_07.fbx using Guid(949c4c93274855f47816d81212b31e08) Importer(815301076,1909f56bfc062723c751e8b465ee728b)  -> (artifact id: 'b0e6a7f2a80fc39fb76996fe47e14297') in 0.070293 seconds 
========================================================================
Received Import Request.
  Time since last request: 0.530506 seconds.
  path: Assets/PolygonDungeon/Models/SM_Prop_Chain_05.fbx
  artifactKey: Guid(2521ad88a47fbd94ca7451d6c42da427) Importer(815301076,1909f56bfc062723c751e8b465ee728b)
Start importing Assets/PolygonDungeon/Models/SM_Prop_Chain_05.fbx using Guid(2521ad88a47fbd94ca7451d6c42da427) Importer(815301076,1909f56bfc062723c751e8b465ee728b)  -> (artifact id: '92dd0acd9ced48e193437eb1249ee020') in 0.033758 seconds 
========================================================================
Received Import Request.
  Time since last request: 0.392863 seconds.
  path: Assets/PolygonDungeon/Models/SM_Prop_Chain_04.fbx
  artifactKey: Guid(19cf4fc9922693b44ba84a7073dcf205) Importer(815301076,1909f56bfc062723c751e8b465ee728b)
Start importing Assets/PolygonDungeon/Models/SM_Prop_Chain_04.fbx using Guid(19cf4fc9922693b44ba84a7073dcf205) Importer(815301076,1909f56bfc062723c751e8b465ee728b)  -> (artifact id: '72f0410a4d67e34e897d8d5fb7ccd1ff') in 0.037269 seconds 
========================================================================
Received Import Request.
  Time since last request: 0.377625 seconds.
  path: Assets/PolygonDungeon/Models/SM_Prop_Chain_02.fbx
  artifactKey: Guid(0953d57ac8055704f9ed97583855d9cc) Importer(815301076,1909f56bfc062723c751e8b465ee728b)
Start importing Assets/PolygonDungeon/Models/SM_Prop_Chain_02.fbx using Guid(0953d57ac8055704f9ed97583855d9cc) Importer(815301076,1909f56bfc062723c751e8b465ee728b)  -> (artifact id: 'e91195f8d54c656724d1c1436c08f1c5') in 0.035930 seconds 
========================================================================
Received Import Request.
  Time since last request: 0.773487 seconds.
  path: Assets/PolygonDungeon/Models/SM_Prop_Cauldron_01.fbx
  artifactKey: Guid(8d2641baa97b4fa4cbce9c878a71f529) Importer(815301076,1909f56bfc062723c751e8b465ee728b)
Start importing Assets/PolygonDungeon/Models/SM_Prop_Cauldron_01.fbx using Guid(8d2641baa97b4fa4cbce9c878a71f529) Importer(815301076,1909f56bfc062723c751e8b465ee728b)  -> (artifact id: 'c0328cd9103269601be95929193a1f21') in 0.044927 seconds 
========================================================================
Received Import Request.
  Time since last request: 0.345987 seconds.
  path: Assets/PolygonDungeon/Models/SM_Prop_Candles_03_Particle.fbx
  artifactKey: Guid(4acdc63855b78dd458c94ab4f17bdc66) Importer(815301076,1909f56bfc062723c751e8b465ee728b)
Start importing Assets/PolygonDungeon/Models/SM_Prop_Candles_03_Particle.fbx using Guid(4acdc63855b78dd458c94ab4f17bdc66) Importer(815301076,1909f56bfc062723c751e8b465ee728b)  -> (artifact id: 'df1444a6ecef46c516c9af94b899d62d') in 0.049811 seconds 
========================================================================
Received Import Request.
  Time since last request: 0.078645 seconds.
  path: Assets/PolygonDungeon/Models/CollisionConvex/SM_Prop_Candles_02_Convex.asset
  artifactKey: Guid(1cc049c153a6d85488552f9e7f178886) Importer(815301076,1909f56bfc062723c751e8b465ee728b)
Start importing Assets/PolygonDungeon/Models/CollisionConvex/SM_Prop_Candles_02_Convex.asset using Guid(1cc049c153a6d85488552f9e7f178886) Importer(815301076,1909f56bfc062723c751e8b465ee728b)  -> (artifact id: 'e5b3c158fff1c1829c635cd6a95dc8df') in 0.029539 seconds 
========================================================================
Received Import Request.
  Time since last request: 0.482906 seconds.
  path: Assets/PolygonDungeon/Models/SM_Prop_Candles_01_Particle.fbx
  artifactKey: Guid(a27a0ee41904db240bcae23f4c4c0752) Importer(815301076,1909f56bfc062723c751e8b465ee728b)
Start importing Assets/PolygonDungeon/Models/SM_Prop_Candles_01_Particle.fbx using Guid(a27a0ee41904db240bcae23f4c4c0752) Importer(815301076,1909f56bfc062723c751e8b465ee728b)  -> (artifact id: '6276839d60217ffde17b33cecc6e3a9d') in 0.041176 seconds 
========================================================================
Received Import Request.
  Time since last request: 0.418585 seconds.
  path: Assets/PolygonDungeon/Models/CollisionConvex/SM_Prop_Candle_Stand_01_Convex.asset
  artifactKey: Guid(e39b86bbc032f954cac7688054a0e668) Importer(815301076,1909f56bfc062723c751e8b465ee728b)
Start importing Assets/PolygonDungeon/Models/CollisionConvex/SM_Prop_Candle_Stand_01_Convex.asset using Guid(e39b86bbc032f954cac7688054a0e668) Importer(815301076,1909f56bfc062723c751e8b465ee728b)  -> (artifact id: '16df4ce7be1ef1a3e106d0a90b105aaa') in 0.031936 seconds 
========================================================================
Received Import Request.
  Time since last request: 0.104271 seconds.
  path: Assets/PolygonDungeon/Models/CollisionConvex/SM_Prop_Candle_Chandelier_02_Convex.asset
  artifactKey: Guid(4fe7caf4ed6a64a48b1a053261a601d7) Importer(815301076,1909f56bfc062723c751e8b465ee728b)
Start importing Assets/PolygonDungeon/Models/CollisionConvex/SM_Prop_Candle_Chandelier_02_Convex.asset using Guid(4fe7caf4ed6a64a48b1a053261a601d7) Importer(815301076,1909f56bfc062723c751e8b465ee728b)  -> (artifact id: 'bd1c92b8d87427b9b495e0e53607939d') in 0.028395 seconds 
========================================================================
Received Import Request.
  Time since last request: 0.253467 seconds.
  path: Assets/PolygonDungeon/Models/SM_Prop_Candle_Chandelier_02_Broken.fbx
  artifactKey: Guid(8132e461de2cf6c4d8fa5446b1f2465a) Importer(815301076,1909f56bfc062723c751e8b465ee728b)
Start importing Assets/PolygonDungeon/Models/SM_Prop_Candle_Chandelier_02_Broken.fbx using Guid(8132e461de2cf6c4d8fa5446b1f2465a) Importer(815301076,1909f56bfc062723c751e8b465ee728b)  -> (artifact id: '8faaae87352c0b2dfde59ac31a2f9813') in 0.047695 seconds 
========================================================================
Received Import Request.
  Time since last request: 0.059266 seconds.
  path: Assets/PolygonDungeon/Models/SM_Prop_Candle_Chandelier_01_Particle.fbx
  artifactKey: Guid(14121a1e25abb0347af82b7ca610cbb9) Importer(815301076,1909f56bfc062723c751e8b465ee728b)
Start importing Assets/PolygonDungeon/Models/SM_Prop_Candle_Chandelier_01_Particle.fbx using Guid(14121a1e25abb0347af82b7ca610cbb9) Importer(815301076,1909f56bfc062723c751e8b465ee728b)  -> (artifact id: '26c5e698e250cdf0178c3eefcbc698a6') in 0.046631 seconds 
========================================================================
Received Import Request.
  Time since last request: 0.596698 seconds.
  path: Assets/PolygonDungeon/Models/SM_Prop_Candle_Chandelier_01.fbx
  artifactKey: Guid(f48d7f1ef28ae2344975a0e2f8aec071) Importer(815301076,1909f56bfc062723c751e8b465ee728b)
Start importing Assets/PolygonDungeon/Models/SM_Prop_Candle_Chandelier_01.fbx using Guid(f48d7f1ef28ae2344975a0e2f8aec071) Importer(815301076,1909f56bfc062723c751e8b465ee728b)  -> (artifact id: 'dc8d11f0fd2d0a3547b815f997fc0844') in 0.051210 seconds 
========================================================================
Received Import Request.
  Time since last request: 0.084517 seconds.
  path: Assets/PolygonDungeon/Models/SM_Prop_Candle_01.fbx
  artifactKey: Guid(35043f2399120734c877135d2725a5c5) Importer(815301076,1909f56bfc062723c751e8b465ee728b)
Start importing Assets/PolygonDungeon/Models/SM_Prop_Candle_01.fbx using Guid(35043f2399120734c877135d2725a5c5) Importer(815301076,1909f56bfc062723c751e8b465ee728b)  -> (artifact id: '41dfb807903bb1c09c0f3c4f063e8d52') in 0.049920 seconds 
========================================================================
Received Import Request.
  Time since last request: 0.391469 seconds.
  path: Assets/PolygonDungeon/Models/SM_Prop_Bricks_04.fbx
  artifactKey: Guid(449afc3a220117a40a17a3e25f75d899) Importer(815301076,1909f56bfc062723c751e8b465ee728b)
Start importing Assets/PolygonDungeon/Models/SM_Prop_Bricks_04.fbx using Guid(449afc3a220117a40a17a3e25f75d899) Importer(815301076,1909f56bfc062723c751e8b465ee728b)  -> (artifact id: '13e66a7a2cfb7089db69f42b4f2e2276') in 0.034337 seconds 
========================================================================
Received Import Request.
  Time since last request: 0.044465 seconds.
  path: Assets/PolygonDungeon/Models/SM_Prop_Bricks_03.fbx
  artifactKey: Guid(b2628e8e13c058f41a8f2cc74cf75acf) Importer(815301076,1909f56bfc062723c751e8b465ee728b)
Start importing Assets/PolygonDungeon/Models/SM_Prop_Bricks_03.fbx using Guid(b2628e8e13c058f41a8f2cc74cf75acf) Importer(815301076,1909f56bfc062723c751e8b465ee728b)  -> (artifact id: 'c274d8857c25376460e4781c54ded9ca') in 0.031741 seconds 
========================================================================
Received Import Request.
  Time since last request: 0.029519 seconds.
  path: Assets/PolygonDungeon/Models/SM_Prop_Bricks_02.fbx
  artifactKey: Guid(1c29b6574f450644cb599051fa7d9cfa) Importer(815301076,1909f56bfc062723c751e8b465ee728b)
Start importing Assets/PolygonDungeon/Models/SM_Prop_Bricks_02.fbx using Guid(1c29b6574f450644cb599051fa7d9cfa) Importer(815301076,1909f56bfc062723c751e8b465ee728b)  -> (artifact id: '725cba9ead50bf634a1232ed0819b04a') in 0.040507 seconds 
========================================================================
Received Import Request.
  Time since last request: 0.484124 seconds.
  path: Assets/PolygonDungeon/Models/SM_Prop_Bricks_01.fbx
  artifactKey: Guid(aec15fb0eb00b7b47a69d8fcffe81f1d) Importer(815301076,1909f56bfc062723c751e8b465ee728b)
Start importing Assets/PolygonDungeon/Models/SM_Prop_Bricks_01.fbx using Guid(aec15fb0eb00b7b47a69d8fcffe81f1d) Importer(815301076,1909f56bfc062723c751e8b465ee728b)  -> (artifact id: '0fc5c176f2ccac7bdadb3b6410c0f246') in 0.041971 seconds 
========================================================================
Received Import Request.
  Time since last request: 0.060081 seconds.
  path: Assets/PolygonDungeon/Models/SM_Prop_Brick_02.fbx
  artifactKey: Guid(6cf265638446b794089467e6298ebee1) Importer(815301076,1909f56bfc062723c751e8b465ee728b)
Start importing Assets/PolygonDungeon/Models/SM_Prop_Brick_02.fbx using Guid(6cf265638446b794089467e6298ebee1) Importer(815301076,1909f56bfc062723c751e8b465ee728b)  -> (artifact id: '39374e30619924e6156382c42b61b456') in 0.042126 seconds 
========================================================================
Received Import Request.
  Time since last request: 0.306047 seconds.
  path: Assets/PolygonDungeon/Models/SM_Prop_Brick_01.fbx
  artifactKey: Guid(12f766f76096e8b44a77c5f1aab0f30d) Importer(815301076,1909f56bfc062723c751e8b465ee728b)
Start importing Assets/PolygonDungeon/Models/SM_Prop_Brick_01.fbx using Guid(12f766f76096e8b44a77c5f1aab0f30d) Importer(815301076,1909f56bfc062723c751e8b465ee728b)  -> (artifact id: '12dab1d5755f455c4e05ee19fe011c6f') in 0.039118 seconds 
========================================================================
Received Import Request.
  Time since last request: 0.394548 seconds.
  path: Assets/PolygonDungeon/Models/SM_Prop_Bookcase_03.fbx
  artifactKey: Guid(d3fc24e232edee745b6f1c1c0cde1fdd) Importer(815301076,1909f56bfc062723c751e8b465ee728b)
Start importing Assets/PolygonDungeon/Models/SM_Prop_Bookcase_03.fbx using Guid(d3fc24e232edee745b6f1c1c0cde1fdd) Importer(815301076,1909f56bfc062723c751e8b465ee728b)  -> (artifact id: 'bb983d28309137b19cf8f489350278df') in 0.075622 seconds 
========================================================================
Received Import Request.
  Time since last request: 0.121042 seconds.
  path: Assets/PolygonDungeon/Models/SM_Prop_Bookcase_01.fbx
  artifactKey: Guid(89464c3941cf6f34683d2ec3d696ca36) Importer(815301076,1909f56bfc062723c751e8b465ee728b)
Start importing Assets/PolygonDungeon/Models/SM_Prop_Bookcase_01.fbx using Guid(89464c3941cf6f34683d2ec3d696ca36) Importer(815301076,1909f56bfc062723c751e8b465ee728b)  -> (artifact id: '1cab2b1e6098227f71d8dd6031ff6ff8') in 0.039325 seconds 
========================================================================
Received Import Request.
  Time since last request: 0.233352 seconds.
  path: Assets/PolygonDungeon/Models/SM_Prop_Bonfire_01.fbx
  artifactKey: Guid(755be3755c9ef39468308a12e795a5ae) Importer(815301076,1909f56bfc062723c751e8b465ee728b)
Start importing Assets/PolygonDungeon/Models/SM_Prop_Bonfire_01.fbx using Guid(755be3755c9ef39468308a12e795a5ae) Importer(815301076,1909f56bfc062723c751e8b465ee728b)  -> (artifact id: 'ec33d774fce843c35342f9bea8e2676e') in 0.039100 seconds 
========================================================================
Received Import Request.
  Time since last request: 0.066266 seconds.
  path: Assets/PolygonDungeon/Models/SM_Prop_Bolt_01.fbx
  artifactKey: Guid(6ad1f585a905728488739e12f70a7443) Importer(815301076,1909f56bfc062723c751e8b465ee728b)
Start importing Assets/PolygonDungeon/Models/SM_Prop_Bolt_01.fbx using Guid(6ad1f585a905728488739e12f70a7443) Importer(815301076,1909f56bfc062723c751e8b465ee728b)  -> (artifact id: 'e25a5c79e45e6703c85866745c4bcf20') in 0.034479 seconds 
========================================================================
Received Import Request.
  Time since last request: 1.821463 seconds.
  path: Assets/PolygonDungeon/Models/SM_Prop_Bed_01.fbx
  artifactKey: Guid(b9253d5cf98375a468a58c6aab2acd9e) Importer(815301076,1909f56bfc062723c751e8b465ee728b)
Start importing Assets/PolygonDungeon/Models/SM_Prop_Bed_01.fbx using Guid(b9253d5cf98375a468a58c6aab2acd9e) Importer(815301076,1909f56bfc062723c751e8b465ee728b)  -> (artifact id: '59af9a736a22daf4e7f3905cdd0af7b7') in 0.036831 seconds 
========================================================================
Received Import Request.
  Time since last request: 0.000073 seconds.
  path: Assets/PolygonDungeon/Models/CollisionConvex/SM_Prop_Bed_02_Convex 1.asset
  artifactKey: Guid(9d1d28041672780488f67327f3389e82) Importer(815301076,1909f56bfc062723c751e8b465ee728b)
Start importing Assets/PolygonDungeon/Models/CollisionConvex/SM_Prop_Bed_02_Convex 1.asset using Guid(9d1d28041672780488f67327f3389e82) Importer(815301076,1909f56bfc062723c751e8b465ee728b)  -> (artifact id: 'acd649a995f1e634c7854f42aa0ea569') in 0.037262 seconds 
========================================================================
Received Import Request.
  Time since last request: 0.000026 seconds.
  path: Assets/PolygonDungeon/Models/CollisionConvex/SM_Env_Wall_Window_Bars_01_Convex.asset
  artifactKey: Guid(8fd08400f9149ee44a05776258447722) Importer(815301076,1909f56bfc062723c751e8b465ee728b)
Start importing Assets/PolygonDungeon/Models/CollisionConvex/SM_Env_Wall_Window_Bars_01_Convex.asset using Guid(8fd08400f9149ee44a05776258447722) Importer(815301076,1909f56bfc062723c751e8b465ee728b)  -> (artifact id: '4fe094781e608fb25a0f9db3b53af759') in 0.026833 seconds 
========================================================================
Received Import Request.
  Time since last request: 0.000028 seconds.
  path: Assets/PolygonDungeon/Models/CollisionConvex/SM_Env_Wall_Wood_Beams_01_Convex 1.asset
  artifactKey: Guid(dba4cd37f6e155744848f6755c0f2ee0) Importer(815301076,1909f56bfc062723c751e8b465ee728b)
Start importing Assets/PolygonDungeon/Models/CollisionConvex/SM_Env_Wall_Wood_Beams_01_Convex 1.asset using Guid(dba4cd37f6e155744848f6755c0f2ee0) Importer(815301076,1909f56bfc062723c751e8b465ee728b)  -> (artifact id: 'f99cc9afc3642048cb792bfc3e7c09ce') in 0.048930 seconds 
========================================================================
Received Import Request.
  Time since last request: 0.000044 seconds.
  path: Assets/PolygonDungeon/Models/SM_Env_Wall_Window_01.fbx
  artifactKey: Guid(99f11817dd735f04aa80eb097b453ed5) Importer(815301076,1909f56bfc062723c751e8b465ee728b)
Start importing Assets/PolygonDungeon/Models/SM_Env_Wall_Window_01.fbx using Guid(99f11817dd735f04aa80eb097b453ed5) Importer(815301076,1909f56bfc062723c751e8b465ee728b)  -> (artifact id: '15c4713d60b477e61f7c8996914094bd') in 0.037033 seconds 
========================================================================
Received Import Request.
  Time since last request: 0.000045 seconds.
  path: Assets/PolygonDungeon/Models/CollisionConvex/SM_Env_Stalactite_04_Convex.asset
  artifactKey: Guid(44fd857f6a6e3494c9dda398b908b7cd) Importer(815301076,1909f56bfc062723c751e8b465ee728b)
Start importing Assets/PolygonDungeon/Models/CollisionConvex/SM_Env_Stalactite_04_Convex.asset using Guid(44fd857f6a6e3494c9dda398b908b7cd) Importer(815301076,1909f56bfc062723c751e8b465ee728b)  -> (artifact id: 'e119cc67b8dc194e6d3f1f418a20dc39') in 0.036561 seconds 
========================================================================
Received Import Request.
  Time since last request: 0.000028 seconds.
  path: Assets/PolygonDungeon/Models/CollisionConvex/SM_Env_Roots_01_Convex.asset
  artifactKey: Guid(1bd060c02ff18ec459fdd898418ebc4c) Importer(815301076,1909f56bfc062723c751e8b465ee728b)
Start importing Assets/PolygonDungeon/Models/CollisionConvex/SM_Env_Roots_01_Convex.asset using Guid(1bd060c02ff18ec459fdd898418ebc4c) Importer(815301076,1909f56bfc062723c751e8b465ee728b)  -> (artifact id: '091789d07b9da0874f4f682072c790ce') in 0.026368 seconds 
========================================================================
Received Import Request.
  Time since last request: 0.000035 seconds.
  path: Assets/PolygonDungeon/Models/CollisionConvex/SM_Item_Potion_03_Convex.asset
  artifactKey: Guid(3283ced519e050643acb46aa655023ae) Importer(815301076,1909f56bfc062723c751e8b465ee728b)
Start importing Assets/PolygonDungeon/Models/CollisionConvex/SM_Item_Potion_03_Convex.asset using Guid(3283ced519e050643acb46aa655023ae) Importer(815301076,1909f56bfc062723c751e8b465ee728b)  -> (artifact id: '0ae6165bf2a8c630ee793e6e76557038') in 0.024515 seconds 
========================================================================
Received Import Request.
  Time since last request: 0.000044 seconds.
  path: Assets/PolygonDungeon/Models/CollisionConvex/SM_Env_Wall_Wood_Beams_01_Convex.asset
  artifactKey: Guid(7d978770587412048b363b1f038502d0) Importer(815301076,1909f56bfc062723c751e8b465ee728b)
Start importing Assets/PolygonDungeon/Models/CollisionConvex/SM_Env_Wall_Wood_Beams_01_Convex.asset using Guid(7d978770587412048b363b1f038502d0) Importer(815301076,1909f56bfc062723c751e8b465ee728b)  -> (artifact id: 'e9f4825ad73e21bd616fe74760af1e30') in 0.022704 seconds 
========================================================================
Received Import Request.
  Time since last request: 0.000036 seconds.
  path: Assets/PolygonDungeon/Models/SM_Item_Coins_02.fbx
  artifactKey: Guid(2a3a11e7d510d4545879b33f66dcf447) Importer(815301076,1909f56bfc062723c751e8b465ee728b)
Start importing Assets/PolygonDungeon/Models/SM_Item_Coins_02.fbx using Guid(2a3a11e7d510d4545879b33f66dcf447) Importer(815301076,1909f56bfc062723c751e8b465ee728b)  -> (artifact id: '44fe6cfd8f57b7bca771e78dccf7942f') in 0.030297 seconds 
========================================================================
Received Import Request.
  Time since last request: 0.000042 seconds.
  path: Assets/PolygonDungeon/Models/SM_Env_Wall_04.fbx
  artifactKey: Guid(c0f25fbe4b222504db2ea11afb6f2cf8) Importer(815301076,1909f56bfc062723c751e8b465ee728b)
Start importing Assets/PolygonDungeon/Models/SM_Env_Wall_04.fbx using Guid(c0f25fbe4b222504db2ea11afb6f2cf8) Importer(815301076,1909f56bfc062723c751e8b465ee728b)  -> (artifact id: 'aaec73a4d2df27162de2cb43c4e07f76') in 0.032464 seconds 
========================================================================
Received Import Request.
  Time since last request: 0.000055 seconds.
  path: Assets/PolygonDungeon/Models/CollisionConvex/SM_Env_Bone_Skull_Jaw_02_Convex.asset
  artifactKey: Guid(e4f3ad25d2cc83b489148d73e530c9b8) Importer(815301076,1909f56bfc062723c751e8b465ee728b)
Start importing Assets/PolygonDungeon/Models/CollisionConvex/SM_Env_Bone_Skull_Jaw_02_Convex.asset using Guid(e4f3ad25d2cc83b489148d73e530c9b8) Importer(815301076,1909f56bfc062723c751e8b465ee728b)  -> (artifact id: '5159703a6024ac90426b915ff3dc7286') in 0.021898 seconds 
========================================================================
Received Import Request.
  Time since last request: 0.000030 seconds.
  path: Assets/PolygonDungeon/Models/CollisionConvex/SM_Env_Wall_07_Convex.asset
  artifactKey: Guid(6a6113134777d884b8467c6393cf8ae7) Importer(815301076,1909f56bfc062723c751e8b465ee728b)
Start importing Assets/PolygonDungeon/Models/CollisionConvex/SM_Env_Wall_07_Convex.asset using Guid(6a6113134777d884b8467c6393cf8ae7) Importer(815301076,1909f56bfc062723c751e8b465ee728b)  -> (artifact id: 'aedd94fe2452154365dd87434e107cda') in 0.022489 seconds 
========================================================================
Received Import Request.
  Time since last request: 0.000025 seconds.
  path: Assets/PolygonDungeon/Models/SM_Env_Wall_06.fbx
  artifactKey: Guid(eb1e30a59e08c66498aaa491e0fa8821) Importer(815301076,1909f56bfc062723c751e8b465ee728b)
Start importing Assets/PolygonDungeon/Models/SM_Env_Wall_06.fbx using Guid(eb1e30a59e08c66498aaa491e0fa8821) Importer(815301076,1909f56bfc062723c751e8b465ee728b)  -> (artifact id: '5beb9db8fdce760165fa656ba6dfd252') in 0.028383 seconds 
========================================================================
Received Import Request.
  Time since last request: 0.000025 seconds.
  path: Assets/PolygonDungeon/Models/CollisionConvex/SM_Env_Bone_Skull_Jaw_01_Convex.asset
  artifactKey: Guid(565714ac61d67934dbb2da53553a35c6) Importer(815301076,1909f56bfc062723c751e8b465ee728b)
Start importing Assets/PolygonDungeon/Models/CollisionConvex/SM_Env_Bone_Skull_Jaw_01_Convex.asset using Guid(565714ac61d67934dbb2da53553a35c6) Importer(815301076,1909f56bfc062723c751e8b465ee728b)  -> (artifact id: '5a7ec20ddbc4300440c36e0c664d5e5f') in 0.021313 seconds 
Editor requested this worker to shutdown with reason: Scaling down because of idle timeout
AssetImportWorker is now disconnected from the server
Process exiting
Exiting without the bug reporter. Application will terminate with return code 0